    $ PARSE_SERVER_ACCOUNT_LOCKOUT='accountLockout'
    $ PARSE_SERVER_ALLOW_CLIENT_CLASS_CREATION='allowClientClassCreation'
    $ PARSE_SERVER_ALLOW_CUSTOM_OBJECT_ID='allowCustomObjectId'
    $ PARSE_SERVER_ALLOW_HEADERS='allowHeaders'
    $ PARSE_SERVER_ANALYTICS_ADAPTER='analyticsAdapter'
    $ PARSE_SERVER_APPLICATION_ID='appId'
    $ PARSE_SERVER_APP_NAME='appName'
    $ PARSE_SERVER_AUTH_PROVIDERS='auth'
    $ PARSE_SERVER_CACHE_ADAPTER='cacheAdapter'
    $ PARSE_SERVER_CACHE_MAX_SIZE='cacheMaxSize'
    $ PARSE_SERVER_CACHE_TTL='cacheTTL'
    $ PARSE_SERVER_CLIENT_KEY='clientKey'
    $ PARSE_SERVER_CLOUD='cloud'
    $ PARSE_SERVER_CLUSTER='cluster'
    $ PARSE_SERVER_COLLECTION_PREFIX='collectionPrefix'
    $ PARSE_SERVER_CUSTOM_PAGES='customPages'
    $ PARSE_SERVER_DATABASE_ADAPTER='databaseAdapter'
    $ PARSE_SERVER_DATABASE_OPTIONS='databaseOptions'
    $ PARSE_SERVER_DATABASE_URI='databaseURI'
    $ PARSE_SERVER_ENABLE_EXPERIMENTAL_DIRECT_ACCESS='directAccess'
    $ PARSE_SERVER_DOT_NET_KEY='dotNetKey'
    $ PARSE_SERVER_EMAIL_ADAPTER='emailAdapter'
    $ PARSE_SERVER_EMAIL_VERIFY_TOKEN_VALIDITY_DURATION='emailVerifyTokenValidityDuration'
    $ PARSE_SERVER_ENABLE_ANON_USERS='enableAnonymousUsers'
    $ PARSE_SERVER_ENABLE_EXPRESS_ERROR_HANDLER='enableExpressErrorHandler'
    $ PARSE_SERVER_ENABLE_SINGLE_SCHEMA_CACHE='enableSingleSchemaCache'
    $ PARSE_SERVER_EXPIRE_INACTIVE_SESSIONS='expireInactiveSessions'
    $ PARSE_SERVER_FILE_KEY='fileKey'
    $ PARSE_SERVER_FILES_ADAPTER='filesAdapter'
    $ PARSE_SERVER_GRAPHQL_PATH='graphQLPath'
    $ PARSE_SERVER_GRAPH_QLSCHEMA='graphQLSchema'
    $ PARSE_SERVER_HOST='host'
    $ PARSE_SERVER_JAVASCRIPT_KEY='javascriptKey'
    $ JSON_LOGS='jsonLogs'
    $ PARSE_SERVER_LIVE_QUERY='liveQuery'
    $ PARSE_SERVER_LIVE_QUERY_SERVER_OPTIONS='liveQueryServerOptions'
    $ PARSE_SERVER_LOGGER_ADAPTER='loggerAdapter'
    $ PARSE_SERVER_LOG_LEVEL='logLevel'
    $ PARSE_SERVER_LOGS_FOLDER='logsFolder'
    $ PARSE_SERVER_MASTER_KEY='masterKey'
    $ PARSE_SERVER_MASTER_KEY_IPS='masterKeyIps'
    $ PARSE_SERVER_MAX_LIMIT='maxLimit'
    $ PARSE_SERVER_MAX_LOG_FILES='maxLogFiles'
    $ PARSE_SERVER_MAX_UPLOAD_SIZE='maxUploadSize'
    $ PARSE_SERVER_MIDDLEWARE='middleware'
    $ PARSE_SERVER_MOUNT_GRAPHQL='mountGraphQL'
    $ PARSE_SERVER_MOUNT_PATH='mountPath'
    $ PARSE_SERVER_MOUNT_PLAYGROUND='mountPlayground'
    $ PARSE_SERVER_OBJECT_ID_SIZE='objectIdSize'
    $ PARSE_SERVER_PASSWORD_POLICY='passwordPolicy'
    $ PARSE_SERVER_PLAYGROUND_PATH='playgroundPath'
    $ PORT='port'
    $ PARSE_SERVER_PRESERVE_FILE_NAME='preserveFileName'
    $ PARSE_SERVER_PREVENT_LOGIN_WITH_UNVERIFIED_EMAIL='preventLoginWithUnverifiedEmail'
    $ PARSE_SERVER_PROTECTED_FIELDS='protectedFields'
    $ PARSE_PUBLIC_SERVER_URL='publicServerURL'
    $ PARSE_SERVER_PUSH='push'
    $ PARSE_SERVER_READ_ONLY_MASTER_KEY='readOnlyMasterKey'
    $ PARSE_SERVER_REST_API_KEY='restAPIKey'
    $ PARSE_SERVER_REVOKE_SESSION_ON_PASSWORD_RESET='revokeSessionOnPasswordReset'
    $ PARSE_SERVER_SCHEDULED_PUSH='scheduledPush'
    $ PARSE_SERVER_SCHEMA_CACHE_TTL='schemaCacheTTL'
    $ PARSE_SERVER_SERVER_CLOSE_COMPLETE='serverCloseComplete'
    $ PARSE_SERVER_SERVER_START_COMPLETE='serverStartComplete'
    $ PARSE_SERVER_URL='serverURL'
    $ PARSE_SERVER_SESSION_LENGTH='sessionLength'
    $ SILENT='silent'
    $ PARSE_SKIP_MONGODB_SERVER_13732_WORKAROUND='skipMongoDBServer13732Workaround'
    $ PARSE_SERVER_START_LIVE_QUERY_SERVER='startLiveQueryServer'
    $ PARSE_SERVER_USER_SENSITIVE_FIELDS='userSensitiveFields'
    $ VERBOSE='verbose'
    $ PARSE_SERVER_VERIFY_USER_EMAILS='verifyUserEmails'
    $ PARSE_SERVER_WEBHOOK_KEY='webhookKey'

  Get Started guide:

    Please have a look at the get started guide!
    http://docs.parseplatform.org/parse-server/guide/


  Usage with npm start

    $ npm start -- path/to/config.json
    $ npm start -- --appId APP_ID --masterKey MASTER_KEY --serverURL serverURL
    $ npm start -- --appId APP_ID --masterKey MASTER_KEY --serverURL serverURL


  Usage:

    $ parse-server path/to/config.json
    $ parse-server -- --appId APP_ID --masterKey MASTER_KEY --serverURL serverURL
    $ parse-server -- --appId APP_ID --masterKey MASTER_KEY --serverURL serverURL

